2013/07/13 01:49:31 [error] [php] PDO::__construct(): [2002] No such file or directory (trying to connect via unix:///var/mysql/mysql.sock) (/Applications/XAMPP/xamppfiles/htdocs/dinebrio/yii/framework/db/CDbConnection.php:423)
Stack trace:
#0 /Applications/XAMPP/xamppfiles/htdocs/dinebrio/yii/framework/db/CDbConnection.php(330): CDbConnection->open()
#1 /Applications/XAMPP/xamppfiles/htdocs/dinebrio/yii/framework/db/CDbConnection.php(308): CDbConnection->setActive()
#2 /Applications/XAMPP/xamppfiles/htdocs/dinebrio/yii/framework/base/CModule.php(387): CDbConnection->init()
#3 /Applications/XAMPP/xamppfiles/htdocs/dinebrio/yii/framework/cli/commands/MigrateCommand.php(442): CConsoleApplication->getComponent()
#4 /Applications/XAMPP/xamppfiles/htdocs/dinebrio/yii/framework/cli/commands/MigrateCommand.php(451): MigrateCommand->getDbConnection()
#5 /Applications/XAMPP/xamppfiles/htdocs/dinebrio/yii/framework/cli/commands/MigrateCommand.php(482): MigrateCommand->getMigrationHistory()
#6 /Applications/XAMPP/xamppfiles/htdocs/dinebrio/yii/framework/cli/commands/MigrateCommand.php(84): MigrateCommand->getNewMigrations()
#7 unknown(0): MigrateCommand->actionUp()
#8 /Applications/XAMPP/xamppfiles/htdocs/dinebrio/yii/framework/console/CConsoleCommand.php(172): ReflectionMethod->invokeArgs()
#9 /Applications/XAMPP/xamppfiles/htdocs/dinebrio/yii/framework/console/CConsoleCommandRunner.php(67): MigrateCommand->run()
#10 /Applications/XAMPP/xamppfiles/htdocs/dinebrio/yii/framework/console/CConsoleApplication.php(91): CConsoleCommandRunner->run()
#11 /Applications/XAMPP/xamppfiles/htdocs/dinebrio/yii/framework/base/CApplication.php(169): CConsoleApplication->processRequest()
#12 /Applications/XAMPP/xamppfiles/htdocs/dinebrio/yii/framework/yiic.php(33): CConsoleApplication->run()
#13 /Applications/XAMPP/xamppfiles/htdocs/dinebrio/protected/yiic.php(7): require_once()
#14 /Applications/XAMPP/xamppfiles/htdocs/dinebrio/protected/yiic(4): require_once()

2013/07/13 01:51:07 [error] [php] PDO::__construct(): [2002] No such file or directory (trying to connect via unix:///var/mysql/mysql.sock) (/Applications/XAMPP/xamppfiles/htdocs/dinebrio/yii/framework/db/CDbConnection.php:423)
Stack trace:
#0 /Applications/XAMPP/xamppfiles/htdocs/dinebrio/yii/framework/db/CDbConnection.php(330): CDbConnection->open()
#1 /Applications/XAMPP/xamppfiles/htdocs/dinebrio/yii/framework/db/CDbConnection.php(308): CDbConnection->setActive()
#2 /Applications/XAMPP/xamppfiles/htdocs/dinebrio/yii/framework/base/CModule.php(387): CDbConnection->init()
#3 /Applications/XAMPP/xamppfiles/htdocs/dinebrio/yii/framework/cli/commands/MigrateCommand.php(442): CConsoleApplication->getComponent()
#4 /Applications/XAMPP/xamppfiles/htdocs/dinebrio/yii/framework/cli/commands/MigrateCommand.php(451): MigrateCommand->getDbConnection()
#5 /Applications/XAMPP/xamppfiles/htdocs/dinebrio/yii/framework/cli/commands/MigrateCommand.php(482): MigrateCommand->getMigrationHistory()
#6 /Applications/XAMPP/xamppfiles/htdocs/dinebrio/yii/framework/cli/commands/MigrateCommand.php(84): MigrateCommand->getNewMigrations()
#7 unknown(0): MigrateCommand->actionUp()
#8 /Applications/XAMPP/xamppfiles/htdocs/dinebrio/yii/framework/console/CConsoleCommand.php(172): ReflectionMethod->invokeArgs()
#9 /Applications/XAMPP/xamppfiles/htdocs/dinebrio/yii/framework/console/CConsoleCommandRunner.php(67): MigrateCommand->run()
#10 /Applications/XAMPP/xamppfiles/htdocs/dinebrio/yii/framework/console/CConsoleApplication.php(91): CConsoleCommandRunner->run()
#11 /Applications/XAMPP/xamppfiles/htdocs/dinebrio/yii/framework/base/CApplication.php(169): CConsoleApplication->processRequest()
#12 /Applications/XAMPP/xamppfiles/htdocs/dinebrio/yii/framework/yiic.php(33): CConsoleApplication->run()
#13 /Applications/XAMPP/xamppfiles/htdocs/dinebrio/protected/yiic.php(7): require_once()
#14 /Applications/XAMPP/xamppfiles/htdocs/dinebrio/protected/yiic(4): require_once()

2013/07/13 01:58:27 [error] [system.db.CDbCommand] CDbCommand::fetchAll() failed: SQLSTATE[42S02]: Base table or view not found: 1146 Table 'dinebrio.tbl_migration' doesn't exist. The SQL statement executed was: SHOW FULL COLUMNS FROM `tbl_migration`.
2013/07/24 00:07:27 [error] [system.db.CDbCommand] CDbCommand::execute() failed: SQLSTATE[42000]: Syntax error or access violation: 1064 You have an error in your SQL syntax; check the manual that corresponds to your MySQL server version for the right syntax to use near 'strung,
	`city` varchar(255),
	`state` varchar(255),
	`country` varchar(255),
	`' at line 4. The SQL statement executed was: CREATE TABLE `address` (
	`id` int(11) NOT NULL AUTO_INCREMENT PRIMARY KEY,
	`street_address_1` varchar(255),
	`street_Address_@` strung,
	`city` varchar(255),
	`state` varchar(255),
	`country` varchar(255),
	`nearby` varchar(255)
).
2013/07/24 00:08:00 [error] [system.db.CDbCommand] CDbCommand::execute() failed: SQLSTATE[42000]: Syntax error or access violation: 1064 You have an error in your SQL syntax; check the manual that corresponds to your MySQL server version for the right syntax to use near 'strung,
	`city` varchar(255),
	`state` varchar(255),
	`country` varchar(255),
	`' at line 4. The SQL statement executed was: CREATE TABLE `address` (
	`id` int(11) NOT NULL AUTO_INCREMENT PRIMARY KEY,
	`street_address_1` varchar(255),
	`street_Address_2` strung,
	`city` varchar(255),
	`state` varchar(255),
	`country` varchar(255),
	`nearby` varchar(255)
).
